**** BEGIN LOGGING AT Sun Oct 13 17:56:58 2024

Oct 13 17:56:58 *	Now talking on quellueva
Oct 13 17:56:58 *	Topic for quellueva is: Topic not set 
**** ENDING LOGGING AT Sun Oct 13 17:57:08 2024

**** BEGIN LOGGING AT Sun Oct 13 17:58:51 2024

Oct 13 17:58:51 *	Now talking on quellueva
Oct 13 17:58:51 *	Topic for quellueva is: No topic set
Oct 13 17:59:25 *	Disconnected (Remote host closed socket)
**** ENDING LOGGING AT Sun Oct 13 17:59:25 2024

**** BEGIN LOGGING AT Sun Oct 13 17:59:48 2024

Oct 13 17:59:48 *	Now talking on quellueva
Oct 13 17:59:48 *	Topic for quellueva is: No topic set
**** ENDING LOGGING AT Sun Oct 13 18:00:11 2024

**** BEGIN LOGGING AT Sun Oct 13 18:01:46 2024

Oct 13 18:01:46 *	Now talking on quellueva
Oct 13 18:01:46 *	Topic for quellueva is: No topic set
**** ENDING LOGGING AT Sun Oct 13 18:02:49 2024

**** BEGIN LOGGING AT Sun Oct 13 18:04:31 2024

Oct 13 18:04:31 *	Now talking on quellueva
Oct 13 18:04:31 *	Topic for quellueva is: No topic set
Oct 13 18:07:31 *	Disconnected (Remote host closed socket)
**** ENDING LOGGING AT Sun Oct 13 18:07:31 2024

**** BEGIN LOGGING AT Sun Oct 13 18:07:56 2024

Oct 13 18:07:56 *	Now talking on quellueva
Oct 13 18:07:56 *	Topic for quellueva is: No topic set
Oct 13 18:09:17 *	Disconnected (Remote host closed socket)
**** ENDING LOGGING AT Sun Oct 13 18:09:17 2024

**** BEGIN LOGGING AT Sun Oct 13 18:09:45 2024

Oct 13 18:09:45 *	Now talking on quellueva
Oct 13 18:09:45 *	Topic for quellueva is: No topic set
Oct 13 18:11:03 *	Disconnected (Remote host closed socket)
**** ENDING LOGGING AT Sun Oct 13 18:11:03 2024

**** BEGIN LOGGING AT Sun Oct 13 18:11:35 2024

Oct 13 18:11:35 *	Now talking on quellueva
Oct 13 18:11:35 *	Topic for quellueva is: No topic set
Oct 13 18:17:58 *	Disconnected (Remote host closed socket)
**** ENDING LOGGING AT Sun Oct 13 18:17:58 2024

**** BEGIN LOGGING AT Sun Oct 13 18:18:22 2024

Oct 13 18:18:22 *	Now talking on quellueva
Oct 13 18:18:22 *	Topic for quellueva is: No topic set
Oct 13 18:44:41 *	Disconnected (Remote host closed socket)
**** ENDING LOGGING AT Sun Oct 13 18:44:41 2024

**** BEGIN LOGGING AT Sun Oct 13 18:49:54 2024

Oct 13 18:49:54 *	Now talking on quellueva
Oct 13 18:49:54 *	Topic for quellueva is: No topic set
Oct 13 18:50:21 *	Disconnected (Remote host closed socket)
**** ENDING LOGGING AT Sun Oct 13 18:50:21 2024

**** BEGIN LOGGING AT Sun Oct 13 18:50:37 2024

Oct 13 18:50:37 *	Now talking on quellueva
Oct 13 18:50:37 *	Topic for quellueva is: "la
Oct 13 18:51:20 *	Disconnected (Remote host closed socket)
**** ENDING LOGGING AT Sun Oct 13 18:51:20 2024

